\BOOKMARK [1][-]{section.1}{\376\377\000I\000n\000t\000r\000o\000d\000u\000c\000t\000i\000o\000n}{}% 1
\BOOKMARK [2][-]{subsection.1.1}{\376\377\000M\000o\000t\000i\000v\000a\000t\000i\000o\000n}{section.1}% 2
\BOOKMARK [2][-]{subsection.1.2}{\376\377\000T\000h\000e\000\040\000R\000i\000c\000e\000-\000C\000r\000a\000b\000\040\000C\000o\000-\000C\000u\000l\000t\000u\000r\000e\000\040\000I\000n\000s\000p\000i\000r\000a\000t\000i\000o\000n}{section.1}% 3
\BOOKMARK [2][-]{subsection.1.3}{\376\377\000C\000o\000n\000t\000r\000i\000b\000u\000t\000i\000o\000n\000s}{section.1}% 4
\BOOKMARK [2][-]{subsection.1.4}{\376\377\000N\000o\000\040\000F\000r\000e\000e\000\040\000L\000u\000n\000c\000h\000\040\000A\000c\000k\000n\000o\000w\000l\000e\000d\000g\000m\000e\000n\000t}{section.1}% 5
\BOOKMARK [1][-]{section.2}{\376\377\000R\000e\000l\000a\000t\000e\000d\000\040\000W\000o\000r\000k}{}% 6
\BOOKMARK [1][-]{section.3}{\376\377\000A\000l\000g\000o\000r\000i\000t\000h\000m\000\040\000S\000p\000e\000c\000i\000f\000i\000c\000a\000t\000i\000o\000n}{}% 7
\BOOKMARK [2][-]{subsection.3.1}{\376\377\000D\000e\000f\000i\000n\000i\000t\000i\000o\000n\000s}{section.3}% 8
\BOOKMARK [2][-]{subsection.3.2}{\376\377\000R\000i\000c\000e\000\040\000A\000g\000e\000n\000t\000\040\000S\000t\000a\000t\000e}{section.3}% 9
\BOOKMARK [2][-]{subsection.3.3}{\376\377\000C\000r\000a\000b\000\040\000A\000g\000e\000n\000t\000\040\000S\000t\000a\000t\000e}{section.3}% 10
\BOOKMARK [2][-]{subsection.3.4}{\376\377\000M\000a\000i\000n\000\040\000L\000o\000o\000p}{section.3}% 11
\BOOKMARK [2][-]{subsection.3.5}{\376\377\000T\000a\000r\000g\000e\000t\000\040\000S\000e\000l\000e\000c\000t\000i\000o\000n\000\040\000w\000i\000t\000h\000\040\000D\000e\000n\000s\000i\000t\000y\000\040\000P\000e\000n\000a\000l\000t\000y}{section.3}% 12
\BOOKMARK [2][-]{subsection.3.6}{\376\377\000W\000e\000e\000d\000i\000n\000g\000\040\000O\000p\000e\000r\000a\000t\000o\000r}{section.3}% 13
\BOOKMARK [2][-]{subsection.3.7}{\376\377\000F\000e\000r\000t\000i\000l\000i\000z\000a\000t\000i\000o\000n\000\040\000O\000p\000e\000r\000a\000t\000o\000r}{section.3}% 14
\BOOKMARK [2][-]{subsection.3.8}{\376\377\000B\000i\000o\000t\000u\000r\000b\000a\000t\000i\000o\000n\000\040\000O\000p\000e\000r\000a\000t\000o\000r}{section.3}% 15
\BOOKMARK [2][-]{subsection.3.9}{\376\377\000M\000o\000l\000t\000i\000n\000g\000\040\000S\000t\000r\000a\000t\000e\000g\000y}{section.3}% 16
\BOOKMARK [1][-]{section.4}{\376\377\000C\000o\000m\000p\000l\000e\000x\000i\000t\000y\000\040\000A\000n\000a\000l\000y\000s\000i\000s}{}% 17
\BOOKMARK [1][-]{section.5}{\376\377\000C\000o\000n\000v\000e\000r\000g\000e\000n\000c\000e\000\040\000A\000n\000a\000l\000y\000s\000i\000s}{}% 18
\BOOKMARK [1][-]{section.6}{\376\377\000P\000a\000r\000a\000m\000e\000t\000e\000r\000\040\000S\000e\000n\000s\000i\000t\000i\000v\000i\000t\000y}{}% 19
\BOOKMARK [1][-]{section.7}{\376\377\000E\000x\000p\000e\000r\000i\000m\000e\000n\000t\000a\000l\000\040\000S\000e\000t\000u\000p}{}% 20
\BOOKMARK [2][-]{subsection.7.1}{\376\377\000C\000E\000C\000-\0002\0000\0001\0007\000\040\000B\000e\000n\000c\000h\000m\000a\000r\000k\000s}{section.7}% 21
\BOOKMARK [2][-]{subsection.7.2}{\376\377\000C\000o\000m\000p\000a\000r\000i\000s\000o\000n\000\040\000A\000l\000g\000o\000r\000i\000t\000h\000m\000s}{section.7}% 22
\BOOKMARK [1][-]{section.8}{\376\377\000R\000e\000s\000u\000l\000t\000s}{}% 23
\BOOKMARK [2][-]{subsection.8.1}{\376\377\000C\000E\000C\000-\0002\0000\0001\0007\000\040\000W\000i\000n\000/\000T\000i\000e\000/\000L\000o\000s\000s\000\040\000S\000u\000m\000m\000a\000r\000y}{section.8}% 24
\BOOKMARK [2][-]{subsection.8.2}{\376\377\000D\000e\000t\000a\000i\000l\000e\000d\000\040\000R\000e\000s\000u\000l\000t\000s\000\040\000\050\000S\000e\000l\000e\000c\000t\000e\000d\000\040\000F\000u\000n\000c\000t\000i\000o\000n\000s\000\051}{section.8}% 25
\BOOKMARK [2][-]{subsection.8.3}{\376\377\000S\000e\000l\000e\000c\000t\000i\000v\000e\000\040\000M\000a\000i\000n\000t\000e\000n\000a\000n\000c\000e\000\040\000P\000r\000o\000b\000l\000e\000m}{section.8}% 26
\BOOKMARK [2][-]{subsection.8.4}{\376\377\000F\000e\000a\000t\000u\000r\000e\000\040\000S\000e\000l\000e\000c\000t\000i\000o\000n}{section.8}% 27
\BOOKMARK [1][-]{section.9}{\376\377\000L\000i\000m\000i\000t\000a\000t\000i\000o\000n\000s}{}% 28
\BOOKMARK [1][-]{section.10}{\376\377\000C\000o\000n\000c\000l\000u\000s\000i\000o\000n}{}% 29
\BOOKMARK [1][-]{section*.1}{\376\377\000R\000e\000f\000e\000r\000e\000n\000c\000e\000s}{}% 30
